\BOOKMARK [0][]{chapter.1}{\376\377\0001\000\040\127\372\170\100\152\041\127\127\171\072\117\213}{}% 1
\BOOKMARK [1][]{section.1.1}{\376\377\0001\000.\0001\000\040\162\171\153\212\145\207\147\054\174\173\127\213}{chapter.1}% 2
\BOOKMARK [2][]{subsection.1.1.1}{\376\377\0001\000.\0001\000.\0001\000\040\201\032\154\350}{section.1.1}% 3
\BOOKMARK [2][]{subsection.1.1.2}{\376\377\0001\000.\0001\000.\0002\000\040\133\232\116\111\060\001\133\232\164\006\116\016\137\025\164\006\173\111}{section.1.1}% 4
\BOOKMARK [2][]{subsection.1.1.3}{\376\377\0001\000.\0001\000.\0003\000\040\116\055\202\361\145\207\145\207\163\056\060\001\133\146\117\115\213\272\145\207\137\025\165\050}{section.1.1}% 5
\BOOKMARK [1][]{section.1.2}{\376\377\0001\000.\0002\000\040\126\376\210\150\123\312\121\166\137\025\165\050}{chapter.1}% 6
\BOOKMARK [1][]{section.1.3}{\376\377\0001\000.\0003\000\040\121\154\137\017\116\016\173\227\154\325\210\150\171\072}{chapter.1}% 7
\BOOKMARK [2][]{subsection.1.3.1}{\376\377\0001\000.\0003\000.\0001\000\040\117\213\133\120\377\032\127\372\116\216\116\073\142\020\122\006\122\006\147\220}{section.1.3}% 8
\BOOKMARK [1][]{section.1.4}{\376\377\0001\000.\0004\000\040\116\343\170\001\210\150\171\072}{chapter.1}% 9
\BOOKMARK [2][]{subsection.1.4.1}{\376\377\0001\000.\0004\000.\0001\000\040\166\364\143\245\116\146\121\231\116\343\170\001\127\050\000.\000t\000e\000x\116\055}{section.1.4}% 10
\BOOKMARK [2][]{subsection.1.4.2}{\376\377\0001\000.\0004\000.\0002\000\040\137\025\165\050\116\343\170\001\145\207\116\366}{section.1.4}% 11
\BOOKMARK [1][]{section.1.5}{\376\377\0001\000.\0005\000\040\122\027\210\150\150\067\137\017}{chapter.1}% 12
\BOOKMARK [2][]{subsection.1.5.1}{\376\377\0001\000.\0005\000.\0001\000\040\117\177\165\050\127\006\160\271\117\134\116\072\230\171\166\356\173\046\123\367}{section.1.5}% 13
\BOOKMARK [2][]{subsection.1.5.2}{\376\377\0001\000.\0005\000.\0002\000\040\117\177\165\050\145\160\133\127\117\134\116\072\230\171\166\356\173\046\123\367}{section.1.5}% 14
\BOOKMARK [2][]{subsection.1.5.3}{\376\377\0001\000.\0005\000.\0003\000\040\123\345\116\055\145\160\133\127\177\026\123\367\122\027\210\150\150\067\137\017}{section.1.5}% 15
\BOOKMARK [0][]{chapter.2}{\376\377\0002\000\040\116\072\116\206\166\356\137\125\144\221\122\060\173\054\116\214\230\165}{}% 16
\BOOKMARK [1][]{section.2.1}{\376\377\0002\000.\0001\000\040\142\021\116\015\137\227\116\015\121\215\155\373\122\240\116\000\160\271\121\205\133\271}{chapter.2}% 17
\BOOKMARK [1][]{section.2.2}{\376\377\0002\000.\0002\000\040\134\075\173\241\217\331\116\233\172\340\202\202\116\000\160\271\153\143\145\207\220\375\154\241\147\011}{chapter.2}% 18
\BOOKMARK [1][]{section.2.3}{\376\377\0002\000.\0003\000\040\146\057\166\204}{chapter.2}% 19
\BOOKMARK [1][]{section.2.4}{\376\377\0002\000.\0004\000\040\167\037\166\204\154\241\147\011}{chapter.2}% 20
\BOOKMARK [1][]{section.2.5}{\376\377\0002\000.\0005\000\040\142\021\135\362\176\317\116\015\167\345\220\123\213\364\116\300\116\110\116\206}{chapter.2}% 21
\BOOKMARK [1][]{section.2.6}{\376\377\0002\000.\0006\000\040\131\202\147\234\147\011\377\014\142\021\116\354\134\061\171\135\141\077\116\000\116\013\133\146\150\041\145\131\122\241\131\004\116\300\116\110\145\366\120\031\217\154\123\330\116\000\116\013\140\035\176\364}{chapter.2}% 22
\BOOKMARK [1][]{section.2.7}{\376\377\0002\000.\0007\000\040\142\212\143\247\122\066\150\074\137\017\217\331\171\315\116\213\140\305\137\200\122\115\120\132}{chapter.2}% 23
\BOOKMARK [1][]{section.2.8}{\376\377\0002\000.\0008\000\040\116\015\211\201\140\073\146\057\211\311\137\227\142\230\170\350\133\146\165\037\146\057\124\010\164\006\166\204}{chapter.2}% 24
\BOOKMARK [1][]{section.2.9}{\376\377\0002\000.\0009\000\040\117\140\142\377\167\100\145\131\133\146\173\241\164\006\134\227\117\115\166\204\135\345\215\104}{chapter.2}% 25
\BOOKMARK [1][]{section.2.10}{\376\377\0002\000.\0001\0000\000\040\117\140\227\000\211\201\142\230\170\350\116\000\116\013\117\140\201\352\135\361\142\115\133\371}{chapter.2}% 26
\BOOKMARK [1][]{section.2.11}{\376\377\0002\000.\0001\0001\000\040\116\015\211\201\211\311\137\227\142\021\133\371\122\053\116\272\211\201\154\102\131\052\232\330\377\014\133\371\201\352\135\361\131\052\117\116}{chapter.2}% 27
\BOOKMARK [1][]{section.2.12}{\376\377\0002\000.\0001\0002\000\040\142\021\133\371\201\352\135\361\211\201\154\102\117\116\166\204\213\335\116\137\116\015\201\363\116\216\140\363\211\201\117\356\213\242\217\331\116\375\152\041\147\177}{chapter.2}% 28
\BOOKMARK [0][]{section*.7}{\376\377\123\302\200\003\145\207\163\056}{}% 29
\BOOKMARK [0][]{chapter.3}{\376\377\0003\000\040\201\364\214\042}{}% 30
\BOOKMARK [0][]{section*.10}{\376\377\226\104\137\125}{}% 31
\BOOKMARK [1][]{section*.11}{\376\377\226\104\137\125\0001\177\051\165\145\213\355\210\150}{section*.10}% 32
\BOOKMARK [1][]{section*.15}{\376\377\226\104\137\125\0002\145\160\133\146\173\046\123\367}{section*.10}% 33
\BOOKMARK [0][]{section*.16}{\376\377\131\026\145\207\215\104\145\231}{}% 34
\BOOKMARK [0][]{section*.17}{\376\377\131\026\145\207\213\321\145\207}{}% 35
\BOOKMARK [0][]{section*.20}{\376\377\137\000\230\230\142\245\124\112}{}% 36
\BOOKMARK [0][]{section*.21}{\376\377\116\055\147\037\150\300\147\345\210\150}{}% 37
\BOOKMARK [0][]{section*.22}{\376\377\145\131\136\010\143\007\133\374\153\325\116\032\213\276\213\241\377\010\213\272\145\207\377\011\213\260\137\125\210\150}{}% 38
